Third-party cookie will be blocked. Learn more in the Issues tab.
Third-party cookie will be blocked. Learn more in the Issues tab.
Third-party cookie will be blocked. Learn more in the Issues tab.
Third-party cookie will be blocked. Learn more in the Issues tab.
Third-party cookie will be blocked. Learn more in the Issues tab.
Third-party cookie will be blocked. Learn more in the Issues tab.
Third-party cookie will be blocked. Learn more in the Issues tab.
Third-party cookie will be blocked. Learn more in the Issues tab.
Third-party cookie will be blocked. Learn more in the Issues tab.
Third-party cookie will be blocked. Learn more in the Issues tab.
Third-party cookie will be blocked. Learn more in the Issues tab.
Third-party cookie will be blocked. Learn more in the Issues tab.
Third-party cookie will be blocked. Learn more in the Issues tab.
Third-party cookie will be blocked. Learn more in the Issues tab.
Third-party cookie will be blocked. Learn more in the Issues tab.
Third-party cookie will be blocked. Learn more in the Issues tab.
Third-party cookie will be blocked. Learn more in the Issues tab.
Third-party cookie will be blocked. Learn more in the Issues tab.
Third-party cookie will be blocked. Learn more in the Issues tab.
Third-party cookie will be blocked. Learn more in the Issues tab.
Third-party cookie will be blocked. Learn more in the Issues tab.
Third-party cookie will be blocked. Learn more in the Issues tab.
Third-party cookie will be blocked. Learn more in the Issues tab.
Third-party cookie will be blocked. Learn more in the Issues tab.
Third-party cookie will be blocked. Learn more in the Issues tab.
Third-party cookie will be blocked. Learn more in the Issues tab.
Third-party cookie will be blocked. Learn more in the Issues tab.
Third-party cookie will be blocked. Learn more in the Issues tab.
Third-party cookie will be blocked. Learn more in the Issues tab.
Third-party cookie will be blocked. Learn more in the Issues tab.
Third-party cookie will be blocked. Learn more in the Issues tab.
Third-party cookie will be blocked. Learn more in the Issues tab.
Third-party cookie will be blocked. Learn more in the Issues tab.
Third-party cookie will be blocked. Learn more in the Issues tab.
Third-party cookie will be blocked. Learn more in the Issues tab.
Third-party cookie will be blocked. Learn more in the Issues tab.
Third-party cookie will be blocked. Learn more in the Issues tab.
Third-party cookie will be blocked. Learn more in the Issues tab.
Third-party cookie will be blocked. Learn more in the Issues tab.
Third-party cookie will be blocked. Learn more in the Issues tab.
Third-party cookie will be blocked. Learn more in the Issues tab.
Third-party cookie will be blocked. Learn more in the Issues tab.
Third-party cookie will be blocked. Learn more in the Issues tab.
Third-party cookie will be blocked. Learn more in the Issues tab.
Third-party cookie will be blocked. Learn more in the Issues tab.
Third-party cookie will be blocked. Learn more in the Issues tab.
Third-party cookie will be blocked. Learn more in the Issues tab.
Third-party cookie will be blocked. Learn more in the Issues tab.
Third-party cookie will be blocked. Learn more in the Issues tab.
Third-party cookie will be blocked. Learn more in the Issues tab.
Third-party cookie will be blocked. Learn more in the Issues tab.
Third-party cookie will be blocked. Learn more in the Issues tab.
Third-party cookie will be blocked. Learn more in the Issues tab.
Third-party cookie will be blocked. Learn more in the Issues tab.
Third-party cookie will be blocked. Learn more in the Issues tab.
Third-party cookie will be blocked. Learn more in the Issues tab.
Third-party cookie will be blocked. Learn more in the Issues tab.
Third-party cookie will be blocked. Learn more in the Issues tab.
Third-party cookie will be blocked. Learn more in the Issues tab.
Third-party cookie will be blocked. Learn more in the Issues tab.
Third-party cookie will be blocked. Learn more in the Issues tab.
Third-party cookie will be blocked. Learn more in the Issues tab.
Third-party cookie will be blocked. Learn more in the Issues tab.
Third-party cookie will be blocked. Learn more in the Issues tab.
Third-party cookie will be blocked. Learn more in the Issues tab.
Third-party cookie will be blocked. Learn more in the Issues tab.
Third-party cookie will be blocked. Learn more in the Issues tab.
Third-party cookie will be blocked. Learn more in the Issues tab.
Third-party cookie will be blocked. Learn more in the Issues tab.
Third-party cookie will be blocked. Learn more in the Issues tab.
Third-party cookie will be blocked. Learn more in the Issues tab.
Third-party cookie will be blocked. Learn more in the Issues tab.
Third-party cookie will be blocked. Learn more in the Issues tab.
Third-party cookie will be blocked. Learn more in the Issues tab.
Third-party cookie will be blocked. Learn more in the Issues tab.
Third-party cookie will be blocked. Learn more in the Issues tab.
Third-party cookie will be blocked. Learn more in the Issues tab.
Third-party cookie will be blocked. Learn more in the Issues tab.
Third-party cookie will be blocked. Learn more in the Issues tab.
Third-party cookie will be blocked. Learn more in the Issues tab.
Third-party cookie will be blocked. Learn more in the Issues tab.
Third-party cookie will be blocked. Learn more in the Issues tab.
Third-party cookie will be blocked. Learn more in the Issues tab.
Third-party cookie will be blocked. Learn more in the Issues tab.
Third-party cookie will be blocked. Learn more in the Issues tab.
Third-party cookie will be blocked. Learn more in the Issues tab.
Third-party cookie will be blocked. Learn more in the Issues tab.
Third-party cookie will be blocked. Learn more in the Issues tab.
Third-party cookie will be blocked. Learn more in the Issues tab.
Third-party cookie will be blocked. Learn more in the Issues tab.
Third-party cookie will be blocked. Learn more in the Issues tab.
Third-party cookie will be blocked. Learn more in the Issues tab.
Third-party cookie will be blocked. Learn more in the Issues tab.
Third-party cookie will be blocked. Learn more in the Issues tab.
Third-party cookie will be blocked. Learn more in the Issues tab.
Third-party cookie will be blocked. Learn more in the Issues tab.
Third-party cookie will be blocked. Learn more in the Issues tab.
Third-party cookie will be blocked. Learn more in the Issues tab.
Third-party cookie will be blocked. Learn more in the Issues tab.
Third-party cookie will be blocked. Learn more in the Issues tab.
Third-party cookie will be blocked. Learn more in the Issues tab.
Third-party cookie will be blocked. Learn more in the Issues tab.
Third-party cookie will be blocked. Learn more in the Issues tab.
Third-party cookie will be blocked. Learn more in the Issues tab.
Third-party cookie will be blocked. Learn more in the Issues tab.
Third-party cookie will be blocked. Learn more in the Issues tab.
Third-party cookie will be blocked. Learn more in the Issues tab.
Third-party cookie will be blocked. Learn more in the Issues tab.
Third-party cookie will be blocked. Learn more in the Issues tab.
Third-party cookie will be blocked. Learn more in the Issues tab.
Third-party cookie will be blocked. Learn more in the Issues tab.
Third-party cookie will be blocked. Learn more in the Issues tab.
Third-party cookie will be blocked. Learn more in the Issues tab.
Third-party cookie will be blocked. Learn more in the Issues tab.
Third-party cookie will be blocked. Learn more in the Issues tab.
Third-party cookie will be blocked. Learn more in the Issues tab.
Third-party cookie will be blocked. Learn more in the Issues tab.
Third-party cookie will be blocked. Learn more in the Issues tab.
Third-party cookie will be blocked. Learn more in the Issues tab.
Third-party cookie will be blocked. Learn more in the Issues tab.
Third-party cookie will be blocked. Learn more in the Issues tab.
Third-party cookie will be blocked. Learn more in the Issues tab.
Third-party cookie will be blocked. Learn more in the Issues tab.
Third-party cookie will be blocked. Learn more in the Issues tab.
Third-party cookie will be blocked. Learn more in the Issues tab.
Third-party cookie will be blocked. Learn more in the Issues tab.
Third-party cookie will be blocked. Learn more in the Issues tab.
Third-party cookie will be blocked. Learn more in the Issues tab.
Third-party cookie will be blocked. Learn more in the Issues tab.
Third-party cookie will be blocked. Learn more in the Issues tab.
Third-party cookie will be blocked. Learn more in the Issues tab.
Third-party cookie will be blocked. Learn more in the Issues tab.
Third-party cookie will be blocked. Learn more in the Issues tab.
Third-party cookie will be blocked. Learn more in the Issues tab.
Third-party cookie will be blocked. Learn more in the Issues tab.
Third-party cookie will be blocked. Learn more in the Issues tab.
Third-party cookie will be blocked. Learn more in the Issues tab.
Third-party cookie will be blocked. Learn more in the Issues tab.
Third-party cookie will be blocked. Learn more in the Issues tab.
Third-party cookie will be blocked. Learn more in the Issues tab.
Third-party cookie will be blocked. Learn more in the Issues tab.
Third-party cookie will be blocked. Learn more in the Issues tab.
Third-party cookie will be blocked. Learn more in the Issues tab.
Third-party cookie will be blocked. Learn more in the Issues tab.
Third-party cookie will be blocked. Learn more in the Issues tab.
Third-party cookie will be blocked. Learn more in the Issues tab.
Third-party cookie will be blocked. Learn more in the Issues tab.
Third-party cookie will be blocked. Learn more in the Issues tab.
Third-party cookie will be blocked. Learn more in the Issues tab.
Third-party cookie will be blocked. Learn more in the Issues tab.
Third-party cookie will be blocked. Learn more in the Issues tab.
Third-party cookie will be blocked. Learn more in the Issues tab.
Third-party cookie will be blocked. Learn more in the Issues tab.
Third-party cookie will be blocked. Learn more in the Issues tab.
Third-party cookie will be blocked. Learn more in the Issues tab.
Third-party cookie will be blocked. Learn more in the Issues tab.
Third-party cookie will be blocked. Learn more in the Issues tab.
Third-party cookie will be blocked. Learn more in the Issues tab.
Third-party cookie will be blocked. Learn more in the Issues tab.
Third-party cookie will be blocked. Learn more in the Issues tab.
Third-party cookie will be blocked. Learn more in the Issues tab.
Third-party cookie will be blocked. Learn more in the Issues tab.
Third-party cookie will be blocked. Learn more in the Issues tab.
Third-party cookie will be blocked. Learn more in the Issues tab.
Third-party cookie will be blocked. Learn more in the Issues tab.
Third-party cookie will be blocked. Learn more in the Issues tab.
Third-party cookie will be blocked. Learn more in the Issues tab.
Third-party cookie will be blocked. Learn more in the Issues tab.
Third-party cookie will be blocked. Learn more in the Issues tab.
Third-party cookie will be blocked. Learn more in the Issues tab.
Third-party cookie will be blocked. Learn more in the Issues tab.
Third-party cookie will be blocked. Learn more in the Issues tab.
Third-party cookie will be blocked. Learn more in the Issues tab.
Third-party cookie will be blocked. Learn more in the Issues tab.
Third-party cookie will be blocked. Learn more in the Issues tab.
Third-party cookie will be blocked. Learn more in the Issues tab.
Third-party cookie will be blocked. Learn more in the Issues tab.
Third-party cookie will be blocked. Learn more in the Issues tab.
Third-party cookie will be blocked. Learn more in the Issues tab.
Third-party cookie will be blocked. Learn more in the Issues tab.
Third-party cookie will be blocked. Learn more in the Issues tab.
Third-party cookie will be blocked. Learn more in the Issues tab.
Third-party cookie will be blocked. Learn more in the Issues tab.
Third-party cookie will be blocked. Learn more in the Issues tab.
Third-party cookie will be blocked. Learn more in the Issues tab.
Third-party cookie will be blocked. Learn more in the Issues tab.
Third-party cookie will be blocked. Learn more in the Issues tab.
Third-party cookie will be blocked. Learn more in the Issues tab.
Third-party cookie will be blocked. Learn more in the Issues tab.
Third-party cookie will be blocked. Learn more in the Issues tab.
Third-party cookie will be blocked. Learn more in the Issues tab.
Third-party cookie will be blocked. Learn more in the Issues tab.
Third-party cookie will be blocked. Learn more in the Issues tab.
Third-party cookie will be blocked. Learn more in the Issues tab.
Third-party cookie will be blocked. Learn more in the Issues tab.
Third-party cookie will be blocked. Learn more in the Issues tab.
Third-party cookie will be blocked. Learn more in the Issues tab.
Third-party cookie will be blocked. Learn more in the Issues tab.
Third-party cookie will be blocked. Learn more in the Issues tab.
Third-party cookie will be blocked. Learn more in the Issues tab.
Third-party cookie will be blocked. Learn more in the Issues tab.
Third-party cookie will be blocked. Learn more in the Issues tab.
Third-party cookie will be blocked. Learn more in the Issues tab.
Third-party cookie will be blocked. Learn more in the Issues tab.
Third-party cookie will be blocked. Learn more in the Issues tab.
Third-party cookie will be blocked. Learn more in the Issues tab.
Third-party cookie will be blocked. Learn more in the Issues tab.
Third-party cookie will be blocked. Learn more in the Issues tab.
Third-party cookie will be blocked. Learn more in the Issues tab.
Third-party cookie will be blocked. Learn more in the Issues tab.
Third-party cookie will be blocked. Learn more in the Issues tab.
Third-party cookie will be blocked. Learn more in the Issues tab.
Third-party cookie will be blocked. Learn more in the Issues tab.
Third-party cookie will be blocked. Learn more in the Issues tab.
Third-party cookie will be blocked. Learn more in the Issues tab.
Third-party cookie will be blocked. Learn more in the Issues tab.
Third-party cookie will be blocked. Learn more in the Issues tab.
Third-party cookie will be blocked. Learn more in the Issues tab.
Third-party cookie will be blocked. Learn more in the Issues tab.
Third-party cookie will be blocked. Learn more in the Issues tab.
Third-party cookie will be blocked. Learn more in the Issues tab.
Third-party cookie will be blocked. Learn more in the Issues tab.
Third-party cookie will be blocked. Learn more in the Issues tab.
Third-party cookie will be blocked. Learn more in the Issues tab.
Third-party cookie will be blocked. Learn more in the Issues tab.
Third-party cookie will be blocked. Learn more in the Issues tab.
Third-party cookie will be blocked. Learn more in the Issues tab.
Third-party cookie will be blocked. Learn more in the Issues tab.
Third-party cookie will be blocked. Learn more in the Issues tab.
Third-party cookie will be blocked. Learn more in the Issues tab.
Third-party cookie will be blocked. Learn more in the Issues tab.
Third-party cookie will be blocked. Learn more in the Issues tab.
Third-party cookie will be blocked. Learn more in the Issues tab.
Third-party cookie will be blocked. Learn more in the Issues tab.
Third-party cookie will be blocked. Learn more in the Issues tab.
Third-party cookie will be blocked. Learn more in the Issues tab.
Third-party cookie will be blocked. Learn more in the Issues tab.
Third-party cookie will be blocked. Learn more in the Issues tab.
Third-party cookie will be blocked. Learn more in the Issues tab.
Third-party cookie will be blocked. Learn more in the Issues tab.
Third-party cookie will be blocked. Learn more in the Issues tab.
Third-party cookie will be blocked. Learn more in the Issues tab.
Third-party cookie will be blocked. Learn more in the Issues tab.
Third-party cookie will be blocked. Learn more in the Issues tab.
Third-party cookie will be blocked. Learn more in the Issues tab.
Third-party cookie will be blocked. Learn more in the Issues tab.
Third-party cookie will be blocked. Learn more in the Issues tab.
Third-party cookie will be blocked. Learn more in the Issues tab.
Third-party cookie will be blocked. Learn more in the Issues tab.
Third-party cookie will be blocked. Learn more in the Issues tab.
Third-party cookie will be blocked. Learn more in the Issues tab.
Third-party cookie will be blocked. Learn more in the Issues tab.
Third-party cookie will be blocked. Learn more in the Issues tab.
Third-party cookie will be blocked. Learn more in the Issues tab.
Third-party cookie will be blocked. Learn more in the Issues tab.
Third-party cookie will be blocked. Learn more in the Issues tab.
Third-party cookie will be blocked. Learn more in the Issues tab.
Third-party cookie will be blocked. Learn more in the Issues tab.
Third-party cookie will be blocked. Learn more in the Issues tab.
Third-party cookie will be blocked. Learn more in the Issues tab.
Third-party cookie will be blocked. Learn more in the Issues tab.
Third-party cookie will be blocked. Learn more in the Issues tab.
Third-party cookie will be blocked. Learn more in the Issues tab.
Third-party cookie will be blocked. Learn more in the Issues tab.
Third-party cookie will be blocked. Learn more in the Issues tab.
Third-party cookie will be blocked. Learn more in the Issues tab.
Third-party cookie will be blocked. Learn more in the Issues tab.
Third-party cookie will be blocked. Learn more in the Issues tab.
Third-party cookie will be blocked. Learn more in the Issues tab.
Third-party cookie will be blocked. Learn more in the Issues tab.
Third-party cookie will be blocked. Learn more in the Issues tab.
Third-party cookie will be blocked. Learn more in the Issues tab.
Third-party cookie will be blocked. Learn more in the Issues tab.
Third-party cookie will be blocked. Learn more in the Issues tab.
Third-party cookie will be blocked. Learn more in the Issues tab.
Third-party cookie will be blocked. Learn more in the Issues tab.
Third-party cookie will be blocked. Learn more in the Issues tab.
Third-party cookie will be blocked. Learn more in the Issues tab.
Third-party cookie will be blocked. Learn more in the Issues tab.
Third-party cookie will be blocked. Learn more in the Issues tab.
Third-party cookie will be blocked. Learn more in the Issues tab.
Third-party cookie will be blocked. Learn more in the Issues tab.
Third-party cookie will be blocked. Learn more in the Issues tab.
Third-party cookie will be blocked. Learn more in the Issues tab.
Third-party cookie will be blocked. Learn more in the Issues tab.
Third-party cookie will be blocked. Learn more in the Issues tab.
Third-party cookie will be blocked. Learn more in the Issues tab.
Third-party cookie will be blocked. Learn more in the Issues tab.
Third-party cookie will be blocked. Learn more in the Issues tab.
Third-party cookie will be blocked. Learn more in the Issues tab.
Third-party cookie will be blocked. Learn more in the Issues tab.
Third-party cookie will be blocked. Learn more in the Issues tab.
Third-party cookie will be blocked. Learn more in the Issues tab.
Third-party cookie will be blocked. Learn more in the Issues tab.
Third-party cookie will be blocked. Learn more in the Issues tab.
Third-party cookie will be blocked. Learn more in the Issues tab.
Third-party cookie will be blocked. Learn more in the Issues tab.
Third-party cookie will be blocked. Learn more in the Issues tab.
Third-party cookie will be blocked. Learn more in the Issues tab.
Third-party cookie will be blocked. Learn more in the Issues tab.
Third-party cookie will be blocked. Learn more in the Issues tab.
Third-party cookie will be blocked. Learn more in the Issues tab.
Third-party cookie will be blocked. Learn more in the Issues tab.
Third-party cookie will be blocked. Learn more in the Issues tab.
Third-party cookie will be blocked. Learn more in the Issues tab.
Third-party cookie will be blocked. Learn more in the Issues tab.
Third-party cookie will be blocked. Learn more in the Issues tab.
Third-party cookie will be blocked. Learn more in the Issues tab.
Third-party cookie will be blocked. Learn more in the Issues tab.
Third-party cookie will be blocked. Learn more in the Issues tab.
Third-party cookie will be blocked. Learn more in the Issues tab.
Third-party cookie will be blocked. Learn more in the Issues tab.
Third-party cookie will be blocked. Learn more in the Issues tab.
Third-party cookie will be blocked. Learn more in the Issues tab.
Third-party cookie will be blocked. Learn more in the Issues tab.
Third-party cookie will be blocked. Learn more in the Issues tab.
Third-party cookie will be blocked. Learn more in the Issues tab.
Third-party cookie will be blocked. Learn more in the Issues tab.
Third-party cookie will be blocked. Learn more in the Issues tab.
Third-party cookie will be blocked. Learn more in the Issues tab.
Third-party cookie will be blocked. Learn more in the Issues tab.
Third-party cookie will be blocked. Learn more in the Issues tab.
Third-party cookie will be blocked. Learn more in the Issues tab.
Third-party cookie will be blocked. Learn more in the Issues tab.
Third-party cookie will be blocked. Learn more in the Issues tab.
Third-party cookie will be blocked. Learn more in the Issues tab.
Third-party cookie will be blocked. Learn more in the Issues tab.
Third-party cookie will be blocked. Learn more in the Issues tab.
Third-party cookie will be blocked. Learn more in the Issues tab.
Third-party cookie will be blocked. Learn more in the Issues tab.
Third-party cookie will be blocked. Learn more in the Issues tab.
Third-party cookie will be blocked. Learn more in the Issues tab.
peso = 8
8
if(peso <= 10){
    cosole.log("Pode embarcar!")
              } else if(peso <= 23){
    console.log("Deve despachar")        
              } else {
    console.log("Seré necessário pagar o excesso!")
              } 
VM2415:2 Uncaught ReferenceError: cosole is not defined
    at <anonymous>:2:5
(anonymous) @ VM2415:2
if(peso <= 10){
    console.log("Pode embarcar!")
              } else if(peso <= 23){
    console.log("Deve despachar")        
              } else {
    console.log("Seré necessário pagar o excesso!")
              } 
VM2420:2 Pode embarcar!
undefined
peso = 10
10
peso = 10
10
if(peso <= 10){
    console.log("Pode embarcar!")
              } else if(peso <= 23){
    console.log("Deve despachar")        
              } else {
    console.log("Seré necessário pagar o excesso!")
              } 
VM2454:2 Pode embarcar!
undefined
